{"/home/ivans1991/git/nodejs-course-project/data/index.js":{"path":"/home/ivans1991/git/nodejs-course-project/data/index.js","s":{"1":1,"2":1,"3":28,"4":1},"b":{},"f":{},"fnMap":{},"statementMap":{"1":{"start":{"line":3,"column":0},"end":{"line":3,"column":39}},"2":{"start":{"line":5,"column":0},"end":{"line":7,"column":2}},"3":{"start":{"line":6,"column":2},"end":{"line":6,"column":43}},"4":{"start":{"line":9,"column":0},"end":{"line":9,"column":22}}},"branchMap":{}},"/home/ivans1991/git/nodejs-course-project/utils/index.js":{"path":"/home/ivans1991/git/nodejs-course-project/utils/index.js","s":{"1":1,"2":1},"b":{},"f":{},"fnMap":{},"statementMap":{"1":{"start":{"line":3,"column":0},"end":{"line":3,"column":40}},"2":{"start":{"line":5,"column":0},"end":{"line":5,"column":47}}},"branchMap":{}},"/home/ivans1991/git/nodejs-course-project/utils/loader.util.js":{"path":"/home/ivans1991/git/nodejs-course-project/utils/loader.util.js","s":{"1":1,"2":1,"3":1,"4":1,"5":30,"6":30,"7":150,"8":120,"9":120,"10":120,"11":120,"12":112,"13":8,"14":30,"15":1},"b":{"1":[112,8]},"f":{},"fnMap":{},"statementMap":{"1":{"start":{"line":1,"column":0},"end":{"line":1,"column":25}},"2":{"start":{"line":2,"column":0},"end":{"line":2,"column":29}},"3":{"start":{"line":3,"column":0},"end":{"line":3,"column":28}},"4":{"start":{"line":6,"column":0},"end":{"line":25,"column":2}},"5":{"start":{"line":7,"column":2},"end":{"line":7,"column":20}},"6":{"start":{"line":9,"column":2},"end":{"line":22,"column":7}},"7":{"start":{"line":11,"column":6},"end":{"line":11,"column":38}},"8":{"start":{"line":14,"column":6},"end":{"line":14,"column":44}},"9":{"start":{"line":15,"column":6},"end":{"line":15,"column":41}},"10":{"start":{"line":16,"column":6},"end":{"line":16,"column":44}},"11":{"start":{"line":17,"column":6},"end":{"line":21,"column":7}},"12":{"start":{"line":18,"column":8},"end":{"line":18,"column":59}},"13":{"start":{"line":20,"column":8},"end":{"line":20,"column":42}},"14":{"start":{"line":24,"column":2},"end":{"line":24,"column":16}},"15":{"start":{"line":27,"column":0},"end":{"line":27,"column":24}}},"branchMap":{"1":{"line":17,"type":"if","locations":[{"start":{"line":17,"column":6},"end":{"line":17,"column":6}},{"start":{"line":17,"column":6},"end":{"line":17,"column":6}}]}}},"/home/ivans1991/git/nodejs-course-project/utils/errorHandler.util.js":{"path":"/home/ivans1991/git/nodejs-course-project/utils/errorHandler.util.js","s":{"1":1,"2":0,"3":1},"b":{"1":[0,0]},"f":{},"fnMap":{},"statementMap":{"1":{"start":{"line":1,"column":0},"end":{"line":9,"column":2}},"2":{"start":{"line":2,"column":2},"end":{"line":8,"column":7}},"3":{"start":{"line":11,"column":0},"end":{"line":11,"column":30}}},"branchMap":{"1":{"line":5,"type":"binary-expr","locations":[{"start":{"line":5,"column":14},"end":{"line":5,"column":22}},{"start":{"line":5,"column":26},"end":{"line":5,"column":28}}]}}},"/home/ivans1991/git/nodejs-course-project/utils/getId.util.js":{"path":"/home/ivans1991/git/nodejs-course-project/utils/getId.util.js","s":{"1":1,"2":1,"3":1,"4":0,"5":0,"6":1},"b":{},"f":{},"fnMap":{},"statementMap":{"1":{"start":{"line":1,"column":0},"end":{"line":7,"column":5}},"2":{"start":{"line":2,"column":2},"end":{"line":2,"column":13}},"3":{"start":{"line":3,"column":2},"end":{"line":6,"column":4}},"4":{"start":{"line":4,"column":4},"end":{"line":4,"column":12}},"5":{"start":{"line":5,"column":4},"end":{"line":5,"column":14}},"6":{"start":{"line":9,"column":0},"end":{"line":9,"column":23}}},"branchMap":{}},"/home/ivans1991/git/nodejs-course-project/utils/getKey.util.js":{"path":"/home/ivans1991/git/nodejs-course-project/utils/getKey.util.js","s":{"1":1,"2":4,"3":4,"4":4,"5":4,"6":240,"7":4,"8":240,"9":240,"10":240,"11":4,"12":1},"b":{},"f":{},"fnMap":{},"statementMap":{"1":{"start":{"line":1,"column":0},"end":{"line":18,"column":2}},"2":{"start":{"line":2,"column":2},"end":{"line":3,"column":69}},"3":{"start":{"line":4,"column":2},"end":{"line":4,"column":29}},"4":{"start":{"line":5,"column":2},"end":{"line":5,"column":22}},"5":{"start":{"line":7,"column":2},"end":{"line":9,"column":4}},"6":{"start":{"line":8,"column":4},"end":{"line":8,"column":61}},"7":{"start":{"line":11,"column":2},"end":{"line":15,"column":3}},"8":{"start":{"line":12,"column":4},"end":{"line":12,"column":40}},"9":{"start":{"line":13,"column":4},"end":{"line":13,"column":34}},"10":{"start":{"line":14,"column":4},"end":{"line":14,"column":21}},"11":{"start":{"line":17,"column":2},"end":{"line":17,"column":16}},"12":{"start":{"line":20,"column":0},"end":{"line":20,"column":24}}},"branchMap":{}},"/home/ivans1991/git/nodejs-course-project/utils/parseTime.util.js":{"path":"/home/ivans1991/git/nodejs-course-project/utils/parseTime.util.js","s":{"1":1,"2":3,"3":18,"4":3,"5":15,"6":3,"7":3,"8":3,"9":3,"10":3,"11":3,"12":3,"13":1},"b":{"1":[3,15]},"f":{},"fnMap":{},"statementMap":{"1":{"start":{"line":1,"column":0},"end":{"line":17,"column":2}},"2":{"start":{"line":2,"column":2},"end":{"line":7,"column":4}},"3":{"start":{"line":3,"column":4},"end":{"line":5,"column":5}},"4":{"start":{"line":4,"column":6},"end":{"line":4,"column":25}},"5":{"start":{"line":6,"column":4},"end":{"line":6,"column":22}},"6":{"start":{"line":9,"column":2},"end":{"line":9,"column":44}},"7":{"start":{"line":10,"column":2},"end":{"line":10,"column":42}},"8":{"start":{"line":11,"column":2},"end":{"line":11,"column":39}},"9":{"start":{"line":12,"column":2},"end":{"line":12,"column":42}},"10":{"start":{"line":13,"column":2},"end":{"line":13,"column":46}},"11":{"start":{"line":14,"column":2},"end":{"line":14,"column":46}},"12":{"start":{"line":16,"column":2},"end":{"line":16,"column":66}},"13":{"start":{"line":19,"column":0},"end":{"line":19,"column":27}}},"branchMap":{"1":{"line":3,"type":"if","locations":[{"start":{"line":3,"column":4},"end":{"line":3,"column":4}},{"start":{"line":3,"column":4},"end":{"line":3,"column":4}}]}}},"/home/ivans1991/git/nodejs-course-project/models/index.js":{"path":"/home/ivans1991/git/nodejs-course-project/models/index.js","s":{"1":1,"2":1},"b":{},"f":{},"fnMap":{},"statementMap":{"1":{"start":{"line":3,"column":0},"end":{"line":3,"column":39}},"2":{"start":{"line":5,"column":0},"end":{"line":5,"column":48}}},"branchMap":{}},"/home/ivans1991/git/nodejs-course-project/models/collectionModel.model.js":{"path":"/home/ivans1991/git/nodejs-course-project/models/collectionModel.model.js","s":{"1":1,"2":1,"3":2,"4":1,"5":1,"6":1,"7":1,"8":1,"9":1,"10":1,"11":1},"b":{"1":[1,1],"2":[0,1]},"f":{"1":1},"fnMap":{"1":{"name":"(anonymous_1)","line":8,"loc":{"start":{"line":8,"column":15},"end":{"line":8,"column":43}}}},"statementMap":{"1":{"start":{"line":1,"column":0},"end":{"line":1,"column":50}},"2":{"start":{"line":3,"column":0},"end":{"line":18,"column":2}},"3":{"start":{"line":4,"column":2},"end":{"line":6,"column":3}},"4":{"start":{"line":5,"column":4},"end":{"line":5,"column":64}},"5":{"start":{"line":9,"column":6},"end":{"line":9,"column":43}},"6":{"start":{"line":10,"column":6},"end":{"line":10,"column":57}},"7":{"start":{"line":11,"column":6},"end":{"line":11,"column":31}},"8":{"start":{"line":12,"column":6},"end":{"line":12,"column":23}},"9":{"start":{"line":13,"column":6},"end":{"line":13,"column":43}},"10":{"start":{"line":17,"column":2},"end":{"line":17,"column":67}},"11":{"start":{"line":20,"column":0},"end":{"line":20,"column":33}}},"branchMap":{"1":{"line":4,"type":"if","locations":[{"start":{"line":4,"column":2},"end":{"line":4,"column":2}},{"start":{"line":4,"column":2},"end":{"line":4,"column":2}}]},"2":{"line":10,"type":"cond-expr","locations":[{"start":{"line":10,"column":44},"end":{"line":10,"column":48}},{"start":{"line":10,"column":51},"end":{"line":10,"column":56}}]}}},"/home/ivans1991/git/nodejs-course-project/models/commentModel.model.js":{"path":"/home/ivans1991/git/nodejs-course-project/models/commentModel.model.js","s":{"1":1,"2":1,"3":2,"4":1,"5":1,"6":1,"7":1,"8":1,"9":1,"10":1},"b":{"1":[1,1],"2":[2,1]},"f":{"1":1},"fnMap":{"1":{"name":"(anonymous_1)","line":9,"loc":{"start":{"line":9,"column":15},"end":{"line":9,"column":34}}}},"statementMap":{"1":{"start":{"line":1,"column":0},"end":{"line":1,"column":50}},"2":{"start":{"line":3,"column":0},"end":{"line":18,"column":2}},"3":{"start":{"line":4,"column":2},"end":{"line":6,"column":3}},"4":{"start":{"line":5,"column":4},"end":{"line":5,"column":49}},"5":{"start":{"line":10,"column":6},"end":{"line":10,"column":29}},"6":{"start":{"line":11,"column":6},"end":{"line":11,"column":34}},"7":{"start":{"line":12,"column":6},"end":{"line":12,"column":43}},"8":{"start":{"line":13,"column":6},"end":{"line":13,"column":43}},"9":{"start":{"line":17,"column":2},"end":{"line":17,"column":55}},"10":{"start":{"line":20,"column":0},"end":{"line":20,"column":30}}},"branchMap":{"1":{"line":4,"type":"if","locations":[{"start":{"line":4,"column":2},"end":{"line":4,"column":2}},{"start":{"line":4,"column":2},"end":{"line":4,"column":2}}]},"2":{"line":4,"type":"binary-expr","locations":[{"start":{"line":4,"column":6},"end":{"line":4,"column":22}},{"start":{"line":4,"column":26},"end":{"line":4,"column":42}}]}}},"/home/ivans1991/git/nodejs-course-project/models/userModel.model.js":{"path":"/home/ivans1991/git/nodejs-course-project/models/userModel.model.js","s":{"1":1,"2":1,"3":2,"4":1,"5":1,"6":1,"7":1,"8":1,"9":1,"10":1,"11":1},"b":{"1":[1,1],"2":[2,1]},"f":{"1":1},"fnMap":{"1":{"name":"(anonymous_1)","line":9,"loc":{"start":{"line":9,"column":15},"end":{"line":9,"column":36}}}},"statementMap":{"1":{"start":{"line":1,"column":0},"end":{"line":1,"column":50}},"2":{"start":{"line":3,"column":0},"end":{"line":19,"column":2}},"3":{"start":{"line":4,"column":2},"end":{"line":6,"column":3}},"4":{"start":{"line":5,"column":4},"end":{"line":5,"column":59}},"5":{"start":{"line":10,"column":6},"end":{"line":10,"column":31}},"6":{"start":{"line":11,"column":6},"end":{"line":11,"column":47}},"7":{"start":{"line":12,"column":6},"end":{"line":12,"column":31}},"8":{"start":{"line":13,"column":6},"end":{"line":13,"column":38}},"9":{"start":{"line":14,"column":6},"end":{"line":14,"column":42}},"10":{"start":{"line":18,"column":2},"end":{"line":18,"column":54}},"11":{"start":{"line":21,"column":0},"end":{"line":21,"column":27}}},"branchMap":{"1":{"line":4,"type":"if","locations":[{"start":{"line":4,"column":2},"end":{"line":4,"column":2}},{"start":{"line":4,"column":2},"end":{"line":4,"column":2}}]},"2":{"line":4,"type":"binary-expr","locations":[{"start":{"line":4,"column":6},"end":{"line":4,"column":23}},{"start":{"line":4,"column":27},"end":{"line":4,"column":44}}]}}},"/home/ivans1991/git/nodejs-course-project/data/collections.data.js":{"path":"/home/ivans1991/git/nodejs-course-project/data/collections.data.js","s":{"1":1,"2":28,"3":28,"4":1,"5":1,"6":4,"7":4,"8":4,"9":1,"10":3,"11":0,"12":0,"13":0,"14":3,"15":0,"16":0,"17":0,"18":0,"19":0,"20":0,"21":0,"22":0,"23":0,"24":0,"25":0,"26":28,"27":1},"b":{"1":[1,3],"2":[0,3],"3":[0,0],"4":[0,0]},"f":{"1":1,"2":1,"3":4,"4":0,"5":0,"6":0,"7":0},"fnMap":{"1":{"name":"(anonymous_1)","line":6,"loc":{"start":{"line":6,"column":10},"end":{"line":6,"column":23}}},"2":{"name":"(anonymous_2)","line":10,"loc":{"start":{"line":10,"column":7},"end":{"line":10,"column":10}}},"3":{"name":"(anonymous_3)","line":14,"loc":{"start":{"line":14,"column":8},"end":{"line":14,"column":18}}},"4":{"name":"(anonymous_4)","line":32,"loc":{"start":{"line":32,"column":17},"end":{"line":32,"column":27}}},"5":{"name":"(anonymous_5)","line":45,"loc":{"start":{"line":45,"column":19},"end":{"line":45,"column":29}}},"6":{"name":"(anonymous_6)","line":60,"loc":{"start":{"line":60,"column":24},"end":{"line":60,"column":34}}},"7":{"name":"(anonymous_7)","line":73,"loc":{"start":{"line":73,"column":10},"end":{"line":73,"column":15}}}},"statementMap":{"1":{"start":{"line":1,"column":0},"end":{"line":79,"column":2}},"2":{"start":{"line":2,"column":2},"end":{"line":2,"column":40}},"3":{"start":{"line":3,"column":2},"end":{"line":3,"column":50}},"4":{"start":{"line":7,"column":6},"end":{"line":7,"column":51}},"5":{"start":{"line":11,"column":6},"end":{"line":11,"column":60}},"6":{"start":{"line":15,"column":6},"end":{"line":15,"column":39}},"7":{"start":{"line":17,"column":6},"end":{"line":29,"column":11}},"8":{"start":{"line":19,"column":10},"end":{"line":21,"column":11}},"9":{"start":{"line":20,"column":12},"end":{"line":20,"column":62}},"10":{"start":{"line":22,"column":10},"end":{"line":27,"column":11}},"11":{"start":{"line":23,"column":12},"end":{"line":25,"column":13}},"12":{"start":{"line":24,"column":14},"end":{"line":24,"column":69}},"13":{"start":{"line":26,"column":12},"end":{"line":26,"column":25}},"14":{"start":{"line":28,"column":10},"end":{"line":28,"column":23}},"15":{"start":{"line":33,"column":6},"end":{"line":33,"column":45}},"16":{"start":{"line":35,"column":6},"end":{"line":42,"column":11}},"17":{"start":{"line":37,"column":10},"end":{"line":40,"column":11}},"18":{"start":{"line":38,"column":12},"end":{"line":39,"column":75}},"19":{"start":{"line":41,"column":10},"end":{"line":41,"column":23}},"20":{"start":{"line":46,"column":6},"end":{"line":46,"column":56}},"21":{"start":{"line":48,"column":6},"end":{"line":57,"column":11}},"22":{"start":{"line":50,"column":10},"end":{"line":56,"column":15}},"23":{"start":{"line":61,"column":6},"end":{"line":61,"column":48}},"24":{"start":{"line":63,"column":6},"end":{"line":70,"column":9}},"25":{"start":{"line":74,"column":6},"end":{"line":74,"column":48}},"26":{"start":{"line":78,"column":2},"end":{"line":78,"column":39}},"27":{"start":{"line":81,"column":0},"end":{"line":81,"column":29}}},"branchMap":{"1":{"line":19,"type":"if","locations":[{"start":{"line":19,"column":10},"end":{"line":19,"column":10}},{"start":{"line":19,"column":10},"end":{"line":19,"column":10}}]},"2":{"line":22,"type":"if","locations":[{"start":{"line":22,"column":10},"end":{"line":22,"column":10}},{"start":{"line":22,"column":10},"end":{"line":22,"column":10}}]},"3":{"line":23,"type":"if","locations":[{"start":{"line":23,"column":12},"end":{"line":23,"column":12}},{"start":{"line":23,"column":12},"end":{"line":23,"column":12}}]},"4":{"line":37,"type":"if","locations":[{"start":{"line":37,"column":10},"end":{"line":37,"column":10}},{"start":{"line":37,"column":10},"end":{"line":37,"column":10}}]}}},"/home/ivans1991/git/nodejs-course-project/data/comments.data.js":{"path":"/home/ivans1991/git/nodejs-course-project/data/comments.data.js","s":{"1":1,"2":28,"3":1,"4":3,"5":3,"6":3,"7":1,"8":2,"9":1,"10":1,"11":28,"12":1},"b":{"1":[1,2],"2":[1,1]},"f":{"1":1,"2":3},"fnMap":{"1":{"name":"(anonymous_1)","line":5,"loc":{"start":{"line":5,"column":10},"end":{"line":5,"column":20}}},"2":{"name":"(anonymous_2)","line":9,"loc":{"start":{"line":9,"column":10},"end":{"line":9,"column":20}}}},"statementMap":{"1":{"start":{"line":1,"column":0},"end":{"line":26,"column":2}},"2":{"start":{"line":2,"column":2},"end":{"line":2,"column":44}},"3":{"start":{"line":6,"column":6},"end":{"line":6,"column":45}},"4":{"start":{"line":10,"column":6},"end":{"line":10,"column":39}},"5":{"start":{"line":12,"column":6},"end":{"line":21,"column":11}},"6":{"start":{"line":14,"column":10},"end":{"line":16,"column":11}},"7":{"start":{"line":15,"column":12},"end":{"line":15,"column":59}},"8":{"start":{"line":17,"column":10},"end":{"line":19,"column":11}},"9":{"start":{"line":18,"column":12},"end":{"line":18,"column":76}},"10":{"start":{"line":20,"column":10},"end":{"line":20,"column":45}},"11":{"start":{"line":25,"column":2},"end":{"line":25,"column":36}},"12":{"start":{"line":28,"column":0},"end":{"line":28,"column":26}}},"branchMap":{"1":{"line":14,"type":"if","locations":[{"start":{"line":14,"column":10},"end":{"line":14,"column":10}},{"start":{"line":14,"column":10},"end":{"line":14,"column":10}}]},"2":{"line":17,"type":"if","locations":[{"start":{"line":17,"column":10},"end":{"line":17,"column":10}},{"start":{"line":17,"column":10},"end":{"line":17,"column":10}}]}}},"/home/ivans1991/git/nodejs-course-project/data/movies.data.js":{"path":"/home/ivans1991/git/nodejs-course-project/data/movies.data.js","s":{"1":1,"2":28,"3":28,"4":2,"5":2,"6":2,"7":1,"8":1,"9":1,"10":1,"11":1,"12":2,"13":2,"14":2,"15":1,"16":1,"17":1,"18":1,"19":28,"20":1},"b":{"1":[1,1],"2":[1,1],"3":[1,1],"4":[1,1]},"f":{"1":2,"2":2},"fnMap":{"1":{"name":"(anonymous_1)","line":6,"loc":{"start":{"line":6,"column":11},"end":{"line":6,"column":20}}},"2":{"name":"(anonymous_2)","line":22,"loc":{"start":{"line":22,"column":12},"end":{"line":22,"column":22}}}},"statementMap":{"1":{"start":{"line":1,"column":0},"end":{"line":40,"column":2}},"2":{"start":{"line":2,"column":2},"end":{"line":2,"column":40}},"3":{"start":{"line":3,"column":2},"end":{"line":3,"column":44}},"4":{"start":{"line":7,"column":6},"end":{"line":7,"column":24}},"5":{"start":{"line":8,"column":6},"end":{"line":19,"column":11}},"6":{"start":{"line":10,"column":10},"end":{"line":12,"column":11}},"7":{"start":{"line":11,"column":12},"end":{"line":11,"column":52}},"8":{"start":{"line":13,"column":10},"end":{"line":13,"column":30}},"9":{"start":{"line":14,"column":10},"end":{"line":14,"column":62}},"10":{"start":{"line":17,"column":10},"end":{"line":17,"column":47}},"11":{"start":{"line":18,"column":10},"end":{"line":18,"column":24}},"12":{"start":{"line":23,"column":6},"end":{"line":23,"column":45}},"13":{"start":{"line":24,"column":6},"end":{"line":35,"column":11}},"14":{"start":{"line":26,"column":10},"end":{"line":28,"column":11}},"15":{"start":{"line":27,"column":12},"end":{"line":27,"column":68}},"16":{"start":{"line":29,"column":10},"end":{"line":29,"column":52}},"17":{"start":{"line":30,"column":10},"end":{"line":30,"column":63}},"18":{"start":{"line":31,"column":10},"end":{"line":34,"column":12}},"19":{"start":{"line":39,"column":2},"end":{"line":39,"column":34}},"20":{"start":{"line":42,"column":0},"end":{"line":42,"column":24}}},"branchMap":{"1":{"line":10,"type":"if","locations":[{"start":{"line":10,"column":10},"end":{"line":10,"column":10}},{"start":{"line":10,"column":10},"end":{"line":10,"column":10}}]},"2":{"line":26,"type":"if","locations":[{"start":{"line":26,"column":10},"end":{"line":26,"column":10}},{"start":{"line":26,"column":10},"end":{"line":26,"column":10}}]},"3":{"line":29,"type":"binary-expr","locations":[{"start":{"line":29,"column":29},"end":{"line":29,"column":46}},{"start":{"line":29,"column":50},"end":{"line":29,"column":51}}]},"4":{"line":30,"type":"binary-expr","locations":[{"start":{"line":30,"column":27},"end":{"line":30,"column":44}},{"start":{"line":30,"column":48},"end":{"line":30,"column":62}}]}}},"/home/ivans1991/git/nodejs-course-project/data/users.data.js":{"path":"/home/ivans1991/git/nodejs-course-project/data/users.data.js","s":{"1":1,"2":1,"3":28,"4":28,"5":28,"6":2,"7":2,"8":2,"9":2,"10":2,"11":1,"12":1,"13":1,"14":2,"15":2,"16":1,"17":1,"18":2,"19":2,"20":2,"21":2,"22":1,"23":1,"24":1,"25":1,"26":1,"27":1,"28":1,"29":2,"30":2,"31":2,"32":1,"33":1,"34":28,"35":1},"b":{"1":[1,1],"2":[1,1],"3":[1,1]},"f":{"1":2,"2":2,"3":1,"4":2,"5":2,"6":2},"fnMap":{"1":{"name":"(anonymous_1)","line":9,"loc":{"start":{"line":9,"column":18},"end":{"line":9,"column":29}}},"2":{"name":"(anonymous_2)","line":13,"loc":{"start":{"line":13,"column":17},"end":{"line":13,"column":27}}},"3":{"name":"(anonymous_3)","line":26,"loc":{"start":{"line":26,"column":17},"end":{"line":26,"column":24}}},"4":{"name":"(anonymous_4)","line":30,"loc":{"start":{"line":30,"column":12},"end":{"line":30,"column":19}}},"5":{"name":"(anonymous_5)","line":40,"loc":{"start":{"line":40,"column":11},"end":{"line":40,"column":20}}},"6":{"name":"(anonymous_6)","line":61,"loc":{"start":{"line":61,"column":10},"end":{"line":61,"column":20}}}},"statementMap":{"1":{"start":{"line":1,"column":0},"end":{"line":1,"column":39}},"2":{"start":{"line":3,"column":0},"end":{"line":74,"column":2}},"3":{"start":{"line":4,"column":2},"end":{"line":4,"column":38}},"4":{"start":{"line":5,"column":2},"end":{"line":5,"column":44}},"5":{"start":{"line":6,"column":2},"end":{"line":6,"column":50}},"6":{"start":{"line":10,"column":6},"end":{"line":10,"column":71}},"7":{"start":{"line":14,"column":6},"end":{"line":14,"column":15}},"8":{"start":{"line":15,"column":6},"end":{"line":23,"column":11}},"9":{"start":{"line":17,"column":10},"end":{"line":17,"column":23}},"10":{"start":{"line":18,"column":10},"end":{"line":18,"column":68}},"11":{"start":{"line":21,"column":10},"end":{"line":21,"column":41}},"12":{"start":{"line":22,"column":10},"end":{"line":22,"column":22}},"13":{"start":{"line":27,"column":6},"end":{"line":27,"column":72}},"14":{"start":{"line":31,"column":6},"end":{"line":37,"column":11}},"15":{"start":{"line":33,"column":10},"end":{"line":35,"column":11}},"16":{"start":{"line":34,"column":12},"end":{"line":34,"column":52}},"17":{"start":{"line":36,"column":10},"end":{"line":36,"column":43}},"18":{"start":{"line":41,"column":6},"end":{"line":41,"column":15}},"19":{"start":{"line":42,"column":6},"end":{"line":42,"column":25}},"20":{"start":{"line":43,"column":6},"end":{"line":58,"column":11}},"21":{"start":{"line":45,"column":10},"end":{"line":47,"column":11}},"22":{"start":{"line":46,"column":12},"end":{"line":46,"column":56}},"23":{"start":{"line":48,"column":10},"end":{"line":48,"column":38}},"24":{"start":{"line":49,"column":10},"end":{"line":49,"column":66}},"25":{"start":{"line":52,"column":10},"end":{"line":52,"column":38}},"26":{"start":{"line":53,"column":10},"end":{"line":53,"column":68}},"27":{"start":{"line":56,"column":10},"end":{"line":56,"column":44}},"28":{"start":{"line":57,"column":10},"end":{"line":57,"column":25}},"29":{"start":{"line":62,"column":6},"end":{"line":62,"column":39}},"30":{"start":{"line":63,"column":6},"end":{"line":69,"column":11}},"31":{"start":{"line":65,"column":10},"end":{"line":67,"column":11}},"32":{"start":{"line":66,"column":12},"end":{"line":66,"column":56}},"33":{"start":{"line":68,"column":10},"end":{"line":68,"column":48}},"34":{"start":{"line":73,"column":2},"end":{"line":73,"column":25}},"35":{"start":{"line":76,"column":0},"end":{"line":76,"column":23}}},"branchMap":{"1":{"line":33,"type":"if","locations":[{"start":{"line":33,"column":10},"end":{"line":33,"column":10}},{"start":{"line":33,"column":10},"end":{"line":33,"column":10}}]},"2":{"line":45,"type":"if","locations":[{"start":{"line":45,"column":10},"end":{"line":45,"column":10}},{"start":{"line":45,"column":10},"end":{"line":45,"column":10}}]},"3":{"line":65,"type":"if","locations":[{"start":{"line":65,"column":10},"end":{"line":65,"column":10}},{"start":{"line":65,"column":10},"end":{"line":65,"column":10}}]}}}}