TN:
SF:/home/ivans1991/git/nodejs-course-project/data/index.js
FNF:0
FNH:0
DA:3,1
DA:5,1
DA:6,28
DA:9,1
LF:4
LH:4
BRF:0
BRH:0
end_of_record
TN:
SF:/home/ivans1991/git/nodejs-course-project/utils/index.js
FNF:0
FNH:0
DA:3,1
DA:5,1
LF:2
LH:2
BRF:0
BRH:0
end_of_record
TN:
SF:/home/ivans1991/git/nodejs-course-project/utils/loader.util.js
FNF:0
FNH:0
DA:1,1
DA:2,1
DA:3,1
DA:6,1
DA:7,30
DA:9,30
DA:11,150
DA:14,120
DA:15,120
DA:16,120
DA:17,120
DA:18,112
DA:20,8
DA:24,30
DA:27,1
LF:15
LH:15
BRDA:17,1,0,112
BRDA:17,1,1,8
BRF:2
BRH:2
end_of_record
TN:
SF:/home/ivans1991/git/nodejs-course-project/utils/errorHandler.util.js
FNF:0
FNH:0
DA:1,1
DA:2,0
DA:11,1
LF:3
LH:2
BRDA:5,1,0,0
BRDA:5,1,1,0
BRF:2
BRH:0
end_of_record
TN:
SF:/home/ivans1991/git/nodejs-course-project/utils/getId.util.js
FNF:0
FNH:0
DA:1,1
DA:2,1
DA:3,1
DA:4,0
DA:5,0
DA:9,1
LF:6
LH:4
BRF:0
BRH:0
end_of_record
TN:
SF:/home/ivans1991/git/nodejs-course-project/utils/getKey.util.js
FNF:0
FNH:0
DA:1,1
DA:2,4
DA:4,4
DA:5,4
DA:7,4
DA:8,240
DA:11,4
DA:12,240
DA:13,240
DA:14,240
DA:17,4
DA:20,1
LF:12
LH:12
BRF:0
BRH:0
end_of_record
TN:
SF:/home/ivans1991/git/nodejs-course-project/utils/parseTime.util.js
FNF:0
FNH:0
DA:1,1
DA:2,3
DA:3,18
DA:4,3
DA:6,15
DA:9,3
DA:10,3
DA:11,3
DA:12,3
DA:13,3
DA:14,3
DA:16,3
DA:19,1
LF:13
LH:13
BRDA:3,1,0,3
BRDA:3,1,1,15
BRF:2
BRH:2
end_of_record
TN:
SF:/home/ivans1991/git/nodejs-course-project/models/index.js
FNF:0
FNH:0
DA:3,1
DA:5,1
LF:2
LH:2
BRF:0
BRH:0
end_of_record
TN:
SF:/home/ivans1991/git/nodejs-course-project/models/collectionModel.model.js
FN:8,(anonymous_1)
FNF:1
FNH:1
FNDA:1,(anonymous_1)
DA:1,1
DA:3,1
DA:4,2
DA:5,1
DA:9,1
DA:10,1
DA:11,1
DA:12,1
DA:13,1
DA:17,1
DA:20,1
LF:11
LH:11
BRDA:4,1,0,1
BRDA:4,1,1,1
BRDA:10,2,0,0
BRDA:10,2,1,1
BRF:4
BRH:3
end_of_record
TN:
SF:/home/ivans1991/git/nodejs-course-project/models/commentModel.model.js
FN:9,(anonymous_1)
FNF:1
FNH:1
FNDA:1,(anonymous_1)
DA:1,1
DA:3,1
DA:4,2
DA:5,1
DA:10,1
DA:11,1
DA:12,1
DA:13,1
DA:17,1
DA:20,1
LF:10
LH:10
BRDA:4,1,0,1
BRDA:4,1,1,1
BRDA:4,2,0,2
BRDA:4,2,1,1
BRF:4
BRH:4
end_of_record
TN:
SF:/home/ivans1991/git/nodejs-course-project/models/userModel.model.js
FN:9,(anonymous_1)
FNF:1
FNH:1
FNDA:1,(anonymous_1)
DA:1,1
DA:3,1
DA:4,2
DA:5,1
DA:10,1
DA:11,1
DA:12,1
DA:13,1
DA:14,1
DA:18,1
DA:21,1
LF:11
LH:11
BRDA:4,1,0,1
BRDA:4,1,1,1
BRDA:4,2,0,2
BRDA:4,2,1,1
BRF:4
BRH:4
end_of_record
TN:
SF:/home/ivans1991/git/nodejs-course-project/data/collections.data.js
FN:6,(anonymous_1)
FN:10,(anonymous_2)
FN:14,(anonymous_3)
FN:32,(anonymous_4)
FN:45,(anonymous_5)
FN:60,(anonymous_6)
FN:73,(anonymous_7)
FNF:7
FNH:3
FNDA:1,(anonymous_1)
FNDA:1,(anonymous_2)
FNDA:4,(anonymous_3)
FNDA:0,(anonymous_4)
FNDA:0,(anonymous_5)
FNDA:0,(anonymous_6)
FNDA:0,(anonymous_7)
DA:1,1
DA:2,28
DA:3,28
DA:7,1
DA:11,1
DA:15,4
DA:17,4
DA:19,4
DA:20,1
DA:22,3
DA:23,0
DA:24,0
DA:26,0
DA:28,3
DA:33,0
DA:35,0
DA:37,0
DA:38,0
DA:41,0
DA:46,0
DA:48,0
DA:50,0
DA:61,0
DA:63,0
DA:74,0
DA:78,28
DA:81,1
LF:27
LH:13
BRDA:19,1,0,1
BRDA:19,1,1,3
BRDA:22,2,0,0
BRDA:22,2,1,3
BRDA:23,3,0,0
BRDA:23,3,1,0
BRDA:37,4,0,0
BRDA:37,4,1,0
BRF:8
BRH:3
end_of_record
TN:
SF:/home/ivans1991/git/nodejs-course-project/data/comments.data.js
FN:5,(anonymous_1)
FN:9,(anonymous_2)
FNF:2
FNH:2
FNDA:1,(anonymous_1)
FNDA:3,(anonymous_2)
DA:1,1
DA:2,28
DA:6,1
DA:10,3
DA:12,3
DA:14,3
DA:15,1
DA:17,2
DA:18,1
DA:20,1
DA:25,28
DA:28,1
LF:12
LH:12
BRDA:14,1,0,1
BRDA:14,1,1,2
BRDA:17,2,0,1
BRDA:17,2,1,1
BRF:4
BRH:4
end_of_record
TN:
SF:/home/ivans1991/git/nodejs-course-project/data/movies.data.js
FN:6,(anonymous_1)
FN:22,(anonymous_2)
FNF:2
FNH:2
FNDA:2,(anonymous_1)
FNDA:2,(anonymous_2)
DA:1,1
DA:2,28
DA:3,28
DA:7,2
DA:8,2
DA:10,2
DA:11,1
DA:13,1
DA:14,1
DA:17,1
DA:18,1
DA:23,2
DA:24,2
DA:26,2
DA:27,1
DA:29,1
DA:30,1
DA:31,1
DA:39,28
DA:42,1
LF:20
LH:20
BRDA:10,1,0,1
BRDA:10,1,1,1
BRDA:26,2,0,1
BRDA:26,2,1,1
BRDA:29,3,0,1
BRDA:29,3,1,1
BRDA:30,4,0,1
BRDA:30,4,1,1
BRF:8
BRH:8
end_of_record
TN:
SF:/home/ivans1991/git/nodejs-course-project/data/users.data.js
FN:9,(anonymous_1)
FN:13,(anonymous_2)
FN:26,(anonymous_3)
FN:30,(anonymous_4)
FN:40,(anonymous_5)
FN:61,(anonymous_6)
FNF:6
FNH:6
FNDA:2,(anonymous_1)
FNDA:2,(anonymous_2)
FNDA:1,(anonymous_3)
FNDA:2,(anonymous_4)
FNDA:2,(anonymous_5)
FNDA:2,(anonymous_6)
DA:1,1
DA:3,1
DA:4,28
DA:5,28
DA:6,28
DA:10,2
DA:14,2
DA:15,2
DA:17,2
DA:18,2
DA:21,1
DA:22,1
DA:27,1
DA:31,2
DA:33,2
DA:34,1
DA:36,1
DA:41,2
DA:42,2
DA:43,2
DA:45,2
DA:46,1
DA:48,1
DA:49,1
DA:52,1
DA:53,1
DA:56,1
DA:57,1
DA:62,2
DA:63,2
DA:65,2
DA:66,1
DA:68,1
DA:73,28
DA:76,1
LF:35
LH:35
BRDA:33,1,0,1
BRDA:33,1,1,1
BRDA:45,2,0,1
BRDA:45,2,1,1
BRDA:65,3,0,1
BRDA:65,3,1,1
BRF:6
BRH:6
end_of_record
